{
  "stats": {
    "suites": 1,
    "tests": 2,
    "passes": 2,
    "pending": 0,
    "failures": 0,
    "start": "2025-01-29T10:41:42.095Z",
    "end": "2025-01-29T10:41:53.473Z",
    "duration": 11378,
    "testsRegistered": 2,
    "passPercent": 100,
    "pendingPercent": 0,
    "other": 0,
    "hasOther": false,
    "skipped": 0,
    "hasSkipped": false
  },
  "results": [
    {
      "uuid": "6884890e-01f9-4a7e-9941-167e19088ac3",
      "title": "",
      "fullFile": "cypress\\e2e\\nswmedia.cy.js",
      "file": "cypress\\e2e\\nswmedia.cy.js",
      "beforeHooks": [],
      "afterHooks": [],
      "tests": [],
      "suites": [
        {
          "uuid": "e4e8fb50-6925-4ffb-bc13-1bf2c7a1bbaf",
          "title": "NSW Government Media Releases Filter Test",
          "fullFile": "",
          "file": "",
          "beforeHooks": [],
          "afterHooks": [],
          "tests": [
            {
              "title": "Verify that the \"Ministers\" accordion is visible and clickable",
              "fullTitle": "NSW Government Media Releases Filter Test Verify that the \"Ministers\" accordion is visible and clickable",
              "timedOut": null,
              "duration": 4667,
              "state": "passed",
              "speed": "fast",
              "pass": true,
              "fail": false,
              "pending": false,
              "context": null,
              "code": "// Use the MediaReleasesPage object to interact with the Ministers accordion\nmediaReleasesPage.getMinistersAccordionButton().should('be.visible') // Ensure the button is visible\n.click(); // Click the accordion button",
              "err": {},
              "uuid": "4cee82de-7410-4570-9eb3-4693e8ce0951",
              "parentUUID": "e4e8fb50-6925-4ffb-bc13-1bf2c7a1bbaf",
              "isHook": false,
              "skipped": false
            },
            {
              "title": "Select the desired value checkbox to filter and apply the filters",
              "fullTitle": "NSW Government Media Releases Filter Test Select the desired value checkbox to filter and apply the filters",
              "timedOut": null,
              "duration": 4396,
              "state": "passed",
              "speed": "fast",
              "pass": true,
              "fail": false,
              "pending": false,
              "context": null,
              "code": "// Select the checkbox for the Premier\nmediaReleasesPage.selectCheckboxByValue('Premier');\n// Apply the filters after selecting the checkbox\nmediaReleasesPage.clickApplyFiltersButton();\ncy.screenshot('Page after filter');",
              "err": {},
              "uuid": "4ca8fcc3-337d-403b-900e-6a7460adf93f",
              "parentUUID": "e4e8fb50-6925-4ffb-bc13-1bf2c7a1bbaf",
              "isHook": false,
              "skipped": false
            }
          ],
          "suites": [],
          "passes": [
            "4cee82de-7410-4570-9eb3-4693e8ce0951",
            "4ca8fcc3-337d-403b-900e-6a7460adf93f"
          ],
          "failures": [],
          "pending": [],
          "skipped": [],
          "duration": 9063,
          "root": false,
          "rootEmpty": false,
          "_timeout": 2000
        }
      ],
      "passes": [],
      "failures": [],
      "pending": [],
      "skipped": [],
      "duration": 0,
      "root": true,
      "rootEmpty": true,
      "_timeout": 2000
    }
  ],
  "meta": {
    "mocha": {
      "version": "7.0.1"
    },
    "mochawesome": {
      "options": {
        "quiet": false,
        "reportFilename": "mochawesome",
        "saveHtml": false,
        "saveJson": true,
        "consoleReporter": "spec",
        "useInlineDiffs": false,
        "code": true
      },
      "version": "7.1.3"
    },
    "marge": {
      "options": {
        "reportDir": "cypress\\results\\.jsons",
        "overwrite": false,
        "html": false,
        "json": true
      },
      "version": "6.2.0"
    }
  }
}